<?xml version="1.0" encoding="utf-8"?><testsuites name="pytest tests"><testsuite name="pytest" errors="0" failures="0" skipped="0" tests="17" time="3.377" timestamp="2026-01-22T20:26:26.700034+00:00" hostname="agent-env-121ade4b-e17b-4552-8716-822e440e0385"><testcase classname="backend.tests.test_p1_features.TestPublicRecipesSidebar" name="test_get_public_recent_recipes" time="0.056" /><testcase classname="backend.tests.test_p1_features.TestPublicRecipesSidebar" name="test_public_recipes_no_auth_required" time="0.040" /><testcase classname="backend.tests.test_p1_features.TestRecipeVisibilityToggle" name="test_toggle_recipe_public" time="0.386" /><testcase classname="backend.tests.test_p1_features.TestRecipeVisibilityToggle" name="test_public_recipe_appears_in_sidebar" time="0.351" /><testcase classname="backend.tests.test_p1_features.TestContactForm" name="test_send_contact_message" time="0.321" /><testcase classname="backend.tests.test_p1_features.TestContactForm" name="test_contact_without_subject" time="0.225" /><testcase classname="backend.tests.test_p1_features.TestContactForm" name="test_contact_missing_required_fields" time="0.116" /><testcase classname="backend.tests.test_p1_features.TestAdminRGPDFunctions" name="test_admin_stats_requires_admin" time="0.296" /><testcase classname="backend.tests.test_p1_features.TestAdminRGPDFunctions" name="test_admin_users_requires_admin" time="0.298" /><testcase classname="backend.tests.test_p1_features.TestAdminRGPDFunctions" name="test_admin_update_user_requires_admin" time="0.325" /><testcase classname="backend.tests.test_p1_features.TestAdminRGPDFunctions" name="test_admin_export_user_requires_admin" time="0.339" /><testcase classname="backend.tests.test_p1_features.TestAdminRGPDFunctions" name="test_admin_send_data_requires_admin" time="0.303" /><testcase classname="backend.tests.test_p1_features.TestAdminEndpointsExist" name="test_admin_stats_endpoint_exists" time="0.039" /><testcase classname="backend.tests.test_p1_features.TestAdminEndpointsExist" name="test_admin_users_endpoint_exists" time="0.039" /><testcase classname="backend.tests.test_p1_features.TestAdminEndpointsExist" name="test_admin_update_user_endpoint_exists" time="0.035" /><testcase classname="backend.tests.test_p1_features.TestAdminEndpointsExist" name="test_admin_export_endpoint_exists" time="0.077" /><testcase classname="backend.tests.test_p1_features.TestAdminEndpointsExist" name="test_admin_send_data_endpoint_exists" time="0.070" /></testsuite></testsuites>