<?xml version="1.0" encoding="utf-8"?><testsuites name="pytest tests"><testsuite name="pytest" errors="0" failures="0" skipped="0" tests="13" time="5.039" timestamp="2026-01-10T18:10:11.767091+00:00" hostname="agent-env-1ec354b7-de5a-4d7b-bb36-2a8ac129ce9f"><testcase classname="tests.test_image_upload.TestImageUpload" name="test_upload_jpeg_image" time="0.461" /><testcase classname="tests.test_image_upload.TestImageUpload" name="test_upload_png_image" time="0.380" /><testcase classname="tests.test_image_upload.TestImageUpload" name="test_upload_webp_image" time="0.489" /><testcase classname="tests.test_image_upload.TestImageUpload" name="test_upload_invalid_file_type" time="0.347" /><testcase classname="tests.test_image_upload.TestImageUpload" name="test_upload_large_image_compression" time="0.473" /><testcase classname="tests.test_image_upload.TestImageUpload" name="test_delete_image" time="0.514" /><testcase classname="tests.test_image_upload.TestImageUpload" name="test_delete_nonexistent_image" time="0.321" /><testcase classname="tests.test_image_upload.TestImageUpload" name="test_upload_replaces_existing_image" time="0.403" /><testcase classname="tests.test_image_upload.TestImageUpload" name="test_upload_without_auth" time="0.321" /><testcase classname="tests.test_image_upload.TestImageUpload" name="test_upload_to_nonexistent_recipe" time="0.321" /><testcase classname="tests.test_image_upload.TestImageUpload" name="test_image_accessible_via_url" time="0.345" /><testcase classname="tests.test_image_upload.TestRecipeWithImage" name="test_recipe_includes_image_url_field" time="0.310" /><testcase classname="tests.test_image_upload.TestRecipeWithImage" name="test_get_recipes_includes_image_url" time="0.271" /></testsuite></testsuites>